<?xml version="1.0" encoding="UTF-8"?>
<robot generator="Robot 3.2.2 (Python 3.7.2 on win32)" generated="20210310 11:35:21.670" rpa="false">
<suite id="s1" name="Robot Fota Vehicle Data Upload" source="D:\02_projects\07_vnxx\framework_robot\robot_fota_vehicle_data_upload.robot">
<kw name="Start" library="robot_manager" type="setup">
<doc>所有测试用例执行之前执行的功能
:return:</doc>
<msg timestamp="20210310 11:35:23.010" level="INFO">------start------</msg>
<status status="PASS" starttime="20210310 11:35:23.010" endtime="20210310 11:35:23.010"></status>
</kw>
<test id="s1-t1" name="case009">
<kw name="Setup" library="robot_manager" type="setup">
<msg timestamp="20210310 11:35:23.012" level="INFO">------setup------</msg>
<msg timestamp="20210310 11:35:23.014" level="INFO">open driver: 0</msg>
<msg timestamp="20210310 11:35:23.017" level="INFO">xlSetApplConfig: [0, 0]</msg>
<msg timestamp="20210310 11:35:23.018" level="INFO">close driver: 0</msg>
<status status="PASS" starttime="20210310 11:35:23.011" endtime="20210310 11:35:23.018"></status>
</kw>
<kw name="Fota Enable Precondition" library="fota_enable">
<doc>FOTA使能前提条件
:param network: 网络是否可访问，默认可访问
:param conf:  配置字是否可有效，默认有效
:param vin:  VIN是否一致，默认一致
:param cert:  身份证书是否已获取，默认已获取
:return:</doc>
<arguments>
<arg>True</arg>
<arg>True</arg>
<arg>True</arg>
<arg>True</arg>
</arguments>
<msg timestamp="20210310 11:35:23.020" level="FAIL">VectorError: xlGetChannelIndex failed (XL_ERR_HW_NOT_PRESENT)</msg>
<status status="FAIL" starttime="20210310 11:35:23.018" endtime="20210310 11:35:23.020"></status>
</kw>
<kw name="Teardown" library="robot_manager" type="teardown">
<msg timestamp="20210310 11:35:23.021" level="INFO">------teardown------</msg>
<status status="PASS" starttime="20210310 11:35:23.021" endtime="20210310 11:35:23.021"></status>
</kw>
<doc>使能条件都满足 - 车端自动触发 - 获取物流清单的前提条件满足</doc>
<status status="FAIL" starttime="20210310 11:35:23.010" endtime="20210310 11:35:23.021" critical="yes">VectorError: xlGetChannelIndex failed (XL_ERR_HW_NOT_PRESENT)</status>
</test>
<test id="s1-t2" name="case010">
<kw name="Setup" library="robot_manager" type="setup">
<msg timestamp="20210310 11:35:23.023" level="INFO">------setup------</msg>
<msg timestamp="20210310 11:35:23.023" level="INFO">open driver: 0</msg>
<msg timestamp="20210310 11:35:23.024" level="INFO">xlSetApplConfig: [0, 0]</msg>
<msg timestamp="20210310 11:35:23.024" level="INFO">close driver: 0</msg>
<status status="PASS" starttime="20210310 11:35:23.023" endtime="20210310 11:35:23.024"></status>
</kw>
<kw name="Fota Enable Precondition" library="fota_enable">
<doc>FOTA使能前提条件
:param network: 网络是否可访问，默认可访问
:param conf:  配置字是否可有效，默认有效
:param vin:  VIN是否一致，默认一致
:param cert:  身份证书是否已获取，默认已获取
:return:</doc>
<arguments>
<arg>True</arg>
<arg>True</arg>
<arg>True</arg>
<arg>True</arg>
</arguments>
<msg timestamp="20210310 11:35:23.025" level="FAIL">VectorError: xlGetChannelIndex failed (XL_ERR_HW_NOT_PRESENT)</msg>
<status status="FAIL" starttime="20210310 11:35:23.024" endtime="20210310 11:35:23.025"></status>
</kw>
<kw name="Teardown" library="robot_manager" type="teardown">
<msg timestamp="20210310 11:35:23.026" level="INFO">------teardown------</msg>
<status status="PASS" starttime="20210310 11:35:23.026" endtime="20210310 11:35:23.026"></status>
</kw>
<doc>使能条件都满足 - 车端自动触发 - 获取物流清单的前提条件不满足 - FOTA使能功能未使能</doc>
<status status="FAIL" starttime="20210310 11:35:23.021" endtime="20210310 11:35:23.026" critical="yes">VectorError: xlGetChannelIndex failed (XL_ERR_HW_NOT_PRESENT)</status>
</test>
<test id="s1-t3" name="case011">
<kw name="Setup" library="robot_manager" type="setup">
<msg timestamp="20210310 11:35:23.028" level="INFO">------setup------</msg>
<msg timestamp="20210310 11:35:23.029" level="INFO">open driver: 0</msg>
<msg timestamp="20210310 11:35:23.029" level="INFO">xlSetApplConfig: [0, 0]</msg>
<msg timestamp="20210310 11:35:23.029" level="INFO">close driver: 0</msg>
<status status="PASS" starttime="20210310 11:35:23.028" endtime="20210310 11:35:23.029"></status>
</kw>
<kw name="Fota Enable Precondition" library="fota_enable">
<doc>FOTA使能前提条件
:param network: 网络是否可访问，默认可访问
:param conf:  配置字是否可有效，默认有效
:param vin:  VIN是否一致，默认一致
:param cert:  身份证书是否已获取，默认已获取
:return:</doc>
<arguments>
<arg>True</arg>
<arg>True</arg>
<arg>True</arg>
<arg>True</arg>
</arguments>
<msg timestamp="20210310 11:35:23.030" level="FAIL">VectorError: xlGetChannelIndex failed (XL_ERR_HW_NOT_PRESENT)</msg>
<status status="FAIL" starttime="20210310 11:35:23.029" endtime="20210310 11:35:23.030"></status>
</kw>
<kw name="Teardown" library="robot_manager" type="teardown">
<msg timestamp="20210310 11:35:23.031" level="INFO">------teardown------</msg>
<status status="PASS" starttime="20210310 11:35:23.031" endtime="20210310 11:35:23.031"></status>
</kw>
<doc>使能条件都满足 - 车端自动触发 - 获取物流清单的前提条件不满足 - 设置系统电源模式为OFF</doc>
<status status="FAIL" starttime="20210310 11:35:23.026" endtime="20210310 11:35:23.031" critical="yes">VectorError: xlGetChannelIndex failed (XL_ERR_HW_NOT_PRESENT)</status>
</test>
<test id="s1-t4" name="case012">
<kw name="Setup" library="robot_manager" type="setup">
<msg timestamp="20210310 11:35:23.033" level="INFO">------setup------</msg>
<msg timestamp="20210310 11:35:23.034" level="INFO">open driver: 0</msg>
<msg timestamp="20210310 11:35:23.034" level="INFO">xlSetApplConfig: [0, 0]</msg>
<msg timestamp="20210310 11:35:23.034" level="INFO">close driver: 0</msg>
<status status="PASS" starttime="20210310 11:35:23.033" endtime="20210310 11:35:23.034"></status>
</kw>
<kw name="Fota Enable Precondition" library="fota_enable">
<doc>FOTA使能前提条件
:param network: 网络是否可访问，默认可访问
:param conf:  配置字是否可有效，默认有效
:param vin:  VIN是否一致，默认一致
:param cert:  身份证书是否已获取，默认已获取
:return:</doc>
<arguments>
<arg>True</arg>
<arg>True</arg>
<arg>True</arg>
<arg>True</arg>
</arguments>
<msg timestamp="20210310 11:35:23.035" level="FAIL">VectorError: xlGetChannelIndex failed (XL_ERR_HW_NOT_PRESENT)</msg>
<status status="FAIL" starttime="20210310 11:35:23.034" endtime="20210310 11:35:23.035"></status>
</kw>
<kw name="Teardown" library="robot_manager" type="teardown">
<msg timestamp="20210310 11:35:23.036" level="INFO">------teardown------</msg>
<status status="PASS" starttime="20210310 11:35:23.035" endtime="20210310 11:35:23.036"></status>
</kw>
<doc>使能条件都满足 - 车端自动触发 - 获取物流清单的前提条件不满足 - 设置外网不可访问</doc>
<status status="FAIL" starttime="20210310 11:35:23.031" endtime="20210310 11:35:23.036" critical="yes">VectorError: xlGetChannelIndex failed (XL_ERR_HW_NOT_PRESENT)</status>
</test>
<test id="s1-t5" name="case013">
<kw name="Setup" library="robot_manager" type="setup">
<msg timestamp="20210310 11:35:23.038" level="INFO">------setup------</msg>
<msg timestamp="20210310 11:35:23.038" level="INFO">open driver: 0</msg>
<msg timestamp="20210310 11:35:23.038" level="INFO">xlSetApplConfig: [0, 0]</msg>
<msg timestamp="20210310 11:35:23.039" level="INFO">close driver: 0</msg>
<status status="PASS" starttime="20210310 11:35:23.038" endtime="20210310 11:35:23.039"></status>
</kw>
<kw name="Disconnect Ecu" library="fota_vehicle_upload">
<doc>断开指定ECU
:param src_ecu_name: 源ECU
:param dst_ecu_name: 目的ECU
:return:</doc>
<arguments>
<arg>IAM</arg>
<arg>ICC</arg>
</arguments>
<status status="PASS" starttime="20210310 11:35:23.039" endtime="20210310 11:35:23.039"></status>
</kw>
<kw name="Fota Enable Precondition" library="fota_enable">
<doc>FOTA使能前提条件
:param network: 网络是否可访问，默认可访问
:param conf:  配置字是否可有效，默认有效
:param vin:  VIN是否一致，默认一致
:param cert:  身份证书是否已获取，默认已获取
:return:</doc>
<arguments>
<arg>True</arg>
<arg>True</arg>
<arg>True</arg>
<arg>True</arg>
</arguments>
<msg timestamp="20210310 11:35:23.040" level="FAIL">VectorError: xlGetChannelIndex failed (XL_ERR_HW_NOT_PRESENT)</msg>
<status status="FAIL" starttime="20210310 11:35:23.039" endtime="20210310 11:35:23.040"></status>
</kw>
<kw name="Teardown" library="robot_manager" type="teardown">
<msg timestamp="20210310 11:35:23.041" level="INFO">------teardown------</msg>
<status status="PASS" starttime="20210310 11:35:23.040" endtime="20210310 11:35:23.041"></status>
</kw>
<doc>使能条件都满足 - 车端自动触发 - 获取物流清单的前提条件不满足 - 物流清单解析失败</doc>
<status status="FAIL" starttime="20210310 11:35:23.036" endtime="20210310 11:35:23.041" critical="yes">VectorError: xlGetChannelIndex failed (XL_ERR_HW_NOT_PRESENT)</status>
</test>
<test id="s1-t6" name="case014">
<kw name="Setup" library="robot_manager" type="setup">
<msg timestamp="20210310 11:35:23.043" level="INFO">------setup------</msg>
<msg timestamp="20210310 11:35:23.043" level="INFO">open driver: 0</msg>
<msg timestamp="20210310 11:35:23.044" level="INFO">xlSetApplConfig: [0, 0]</msg>
<msg timestamp="20210310 11:35:23.044" level="INFO">close driver: 0</msg>
<status status="PASS" starttime="20210310 11:35:23.043" endtime="20210310 11:35:23.044"></status>
</kw>
<kw name="Fota Enable Precondition" library="fota_enable">
<doc>FOTA使能前提条件
:param network: 网络是否可访问，默认可访问
:param conf:  配置字是否可有效，默认有效
:param vin:  VIN是否一致，默认一致
:param cert:  身份证书是否已获取，默认已获取
:return:</doc>
<arguments>
<arg>True</arg>
<arg>True</arg>
<arg>True</arg>
<arg>True</arg>
</arguments>
<msg timestamp="20210310 11:35:23.045" level="FAIL">VectorError: xlGetChannelIndex failed (XL_ERR_HW_NOT_PRESENT)</msg>
<status status="FAIL" starttime="20210310 11:35:23.044" endtime="20210310 11:35:23.045"></status>
</kw>
<kw name="Teardown" library="robot_manager" type="teardown">
<msg timestamp="20210310 11:35:23.046" level="INFO">------teardown------</msg>
<status status="PASS" starttime="20210310 11:35:23.045" endtime="20210310 11:35:23.046"></status>
</kw>
<doc>使能条件都满足 - 车端自动触发 - 获取物流清单的前提条件不满足 - 获取超时</doc>
<status status="FAIL" starttime="20210310 11:35:23.041" endtime="20210310 11:35:23.046" critical="yes">VectorError: xlGetChannelIndex failed (XL_ERR_HW_NOT_PRESENT)</status>
</test>
<test id="s1-t7" name="case015">
<kw name="Setup" library="robot_manager" type="setup">
<msg timestamp="20210310 11:35:23.048" level="INFO">------setup------</msg>
<msg timestamp="20210310 11:35:23.048" level="INFO">open driver: 0</msg>
<msg timestamp="20210310 11:35:23.049" level="INFO">xlSetApplConfig: [0, 0]</msg>
<msg timestamp="20210310 11:35:23.049" level="INFO">close driver: 0</msg>
<status status="PASS" starttime="20210310 11:35:23.047" endtime="20210310 11:35:23.049"></status>
</kw>
<kw name="Fota Enable Precondition" library="fota_enable">
<doc>FOTA使能前提条件
:param network: 网络是否可访问，默认可访问
:param conf:  配置字是否可有效，默认有效
:param vin:  VIN是否一致，默认一致
:param cert:  身份证书是否已获取，默认已获取
:return:</doc>
<arguments>
<arg>True</arg>
<arg>True</arg>
<arg>True</arg>
<arg>True</arg>
</arguments>
<msg timestamp="20210310 11:35:23.050" level="FAIL">VectorError: xlGetChannelIndex failed (XL_ERR_HW_NOT_PRESENT)</msg>
<status status="FAIL" starttime="20210310 11:35:23.049" endtime="20210310 11:35:23.050"></status>
</kw>
<kw name="Teardown" library="robot_manager" type="teardown">
<msg timestamp="20210310 11:35:23.051" level="INFO">------teardown------</msg>
<status status="PASS" starttime="20210310 11:35:23.050" endtime="20210310 11:35:23.051"></status>
</kw>
<doc>使能条件都满足 - 车端自动触发 - 获取物流清单的前提条件不满足 - 获取成功</doc>
<status status="FAIL" starttime="20210310 11:35:23.046" endtime="20210310 11:35:23.051" critical="yes">VectorError: xlGetChannelIndex failed (XL_ERR_HW_NOT_PRESENT)</status>
</test>
<test id="s1-t8" name="case016">
<kw name="Setup" library="robot_manager" type="setup">
<msg timestamp="20210310 11:35:23.053" level="INFO">------setup------</msg>
<msg timestamp="20210310 11:35:23.053" level="INFO">open driver: 0</msg>
<msg timestamp="20210310 11:35:23.053" level="INFO">xlSetApplConfig: [0, 0]</msg>
<msg timestamp="20210310 11:35:23.054" level="INFO">close driver: 0</msg>
<status status="PASS" starttime="20210310 11:35:23.053" endtime="20210310 11:35:23.054"></status>
</kw>
<kw name="Fota Enable Precondition" library="fota_enable">
<doc>FOTA使能前提条件
:param network: 网络是否可访问，默认可访问
:param conf:  配置字是否可有效，默认有效
:param vin:  VIN是否一致，默认一致
:param cert:  身份证书是否已获取，默认已获取
:return:</doc>
<arguments>
<arg>True</arg>
<arg>True</arg>
<arg>True</arg>
<arg>True</arg>
</arguments>
<msg timestamp="20210310 11:35:23.055" level="FAIL">VectorError: xlGetChannelIndex failed (XL_ERR_HW_NOT_PRESENT)</msg>
<status status="FAIL" starttime="20210310 11:35:23.054" endtime="20210310 11:35:23.055"></status>
</kw>
<kw name="Teardown" library="robot_manager" type="teardown">
<msg timestamp="20210310 11:35:23.055" level="INFO">------teardown------</msg>
<status status="PASS" starttime="20210310 11:35:23.055" endtime="20210310 11:35:23.055"></status>
</kw>
<doc>使能条件都满足 - 车端自动触发 - 获取物流清单的前提条件不满足 - 配置ICC防火墙认证失败</doc>
<status status="FAIL" starttime="20210310 11:35:23.051" endtime="20210310 11:35:23.055" critical="yes">VectorError: xlGetChannelIndex failed (XL_ERR_HW_NOT_PRESENT)</status>
</test>
<test id="s1-t9" name="case017">
<kw name="Setup" library="robot_manager" type="setup">
<msg timestamp="20210310 11:35:23.057" level="INFO">------setup------</msg>
<msg timestamp="20210310 11:35:23.058" level="INFO">open driver: 0</msg>
<msg timestamp="20210310 11:35:23.058" level="INFO">xlSetApplConfig: [0, 0]</msg>
<msg timestamp="20210310 11:35:23.058" level="INFO">close driver: 0</msg>
<status status="PASS" starttime="20210310 11:35:23.057" endtime="20210310 11:35:23.058"></status>
</kw>
<kw name="Fota Enable Precondition" library="fota_enable">
<doc>FOTA使能前提条件
:param network: 网络是否可访问，默认可访问
:param conf:  配置字是否可有效，默认有效
:param vin:  VIN是否一致，默认一致
:param cert:  身份证书是否已获取，默认已获取
:return:</doc>
<arguments>
<arg>True</arg>
<arg>True</arg>
<arg>True</arg>
<arg>True</arg>
</arguments>
<msg timestamp="20210310 11:35:23.060" level="FAIL">VectorError: xlGetChannelIndex failed (XL_ERR_HW_NOT_PRESENT)</msg>
<status status="FAIL" starttime="20210310 11:35:23.058" endtime="20210310 11:35:23.060"></status>
</kw>
<kw name="Teardown" library="robot_manager" type="teardown">
<msg timestamp="20210310 11:35:23.060" level="INFO">------teardown------</msg>
<status status="PASS" starttime="20210310 11:35:23.060" endtime="20210310 11:35:23.060"></status>
</kw>
<doc>使能条件都满足 - 车端自动触发 - 获取物流清单的前提条件不满足 - 配置字无效</doc>
<status status="FAIL" starttime="20210310 11:35:23.056" endtime="20210310 11:35:23.060" critical="yes">VectorError: xlGetChannelIndex failed (XL_ERR_HW_NOT_PRESENT)</status>
</test>
<test id="s1-t10" name="case018">
<kw name="Setup" library="robot_manager" type="setup">
<msg timestamp="20210310 11:35:23.062" level="INFO">------setup------</msg>
<msg timestamp="20210310 11:35:23.062" level="INFO">open driver: 0</msg>
<msg timestamp="20210310 11:35:23.063" level="INFO">xlSetApplConfig: [0, 0]</msg>
<msg timestamp="20210310 11:35:23.063" level="INFO">close driver: 0</msg>
<status status="PASS" starttime="20210310 11:35:23.062" endtime="20210310 11:35:23.063"></status>
</kw>
<kw name="Fota Enable Precondition" library="fota_enable">
<doc>FOTA使能前提条件
:param network: 网络是否可访问，默认可访问
:param conf:  配置字是否可有效，默认有效
:param vin:  VIN是否一致，默认一致
:param cert:  身份证书是否已获取，默认已获取
:return:</doc>
<arguments>
<arg>True</arg>
<arg>True</arg>
<arg>True</arg>
<arg>True</arg>
</arguments>
<msg timestamp="20210310 11:35:23.064" level="FAIL">VectorError: xlGetChannelIndex failed (XL_ERR_HW_NOT_PRESENT)</msg>
<status status="FAIL" starttime="20210310 11:35:23.063" endtime="20210310 11:35:23.064"></status>
</kw>
<kw name="Teardown" library="robot_manager" type="teardown">
<msg timestamp="20210310 11:35:23.065" level="INFO">------teardown------</msg>
<status status="PASS" starttime="20210310 11:35:23.064" endtime="20210310 11:35:23.065"></status>
</kw>
<doc>使能条件都满足 - 车端自动触发 - 获取物流清单的前提条件不满足 - 配置VIN不一致</doc>
<status status="FAIL" starttime="20210310 11:35:23.060" endtime="20210310 11:35:23.065" critical="yes">VectorError: xlGetChannelIndex failed (XL_ERR_HW_NOT_PRESENT)</status>
</test>
<test id="s1-t11" name="case019">
<kw name="Setup" library="robot_manager" type="setup">
<msg timestamp="20210310 11:35:23.068" level="INFO">------setup------</msg>
<msg timestamp="20210310 11:35:23.068" level="INFO">open driver: 0</msg>
<msg timestamp="20210310 11:35:23.068" level="INFO">xlSetApplConfig: [0, 0]</msg>
<msg timestamp="20210310 11:35:23.069" level="INFO">close driver: 0</msg>
<status status="PASS" starttime="20210310 11:35:23.067" endtime="20210310 11:35:23.069"></status>
</kw>
<kw name="Fota Enable Precondition" library="fota_enable">
<doc>FOTA使能前提条件
:param network: 网络是否可访问，默认可访问
:param conf:  配置字是否可有效，默认有效
:param vin:  VIN是否一致，默认一致
:param cert:  身份证书是否已获取，默认已获取
:return:</doc>
<arguments>
<arg>True</arg>
<arg>True</arg>
<arg>True</arg>
<arg>True</arg>
</arguments>
<msg timestamp="20210310 11:35:23.070" level="FAIL">VectorError: xlGetChannelIndex failed (XL_ERR_HW_NOT_PRESENT)</msg>
<status status="FAIL" starttime="20210310 11:35:23.069" endtime="20210310 11:35:23.070"></status>
</kw>
<kw name="Teardown" library="robot_manager" type="teardown">
<msg timestamp="20210310 11:35:23.071" level="INFO">------teardown------</msg>
<status status="PASS" starttime="20210310 11:35:23.071" endtime="20210310 11:35:23.071"></status>
</kw>
<doc>使能条件都满足 - 车端自动触发 - 获取物流清单的前提条件不满足 - 配置身份证书状态无效</doc>
<status status="FAIL" starttime="20210310 11:35:23.065" endtime="20210310 11:35:23.071" critical="yes">VectorError: xlGetChannelIndex failed (XL_ERR_HW_NOT_PRESENT)</status>
</test>
<test id="s1-t12" name="case032">
<kw name="Setup" library="robot_manager" type="setup">
<msg timestamp="20210310 11:35:23.073" level="INFO">------setup------</msg>
<msg timestamp="20210310 11:35:23.073" level="INFO">open driver: 0</msg>
<msg timestamp="20210310 11:35:23.073" level="INFO">xlSetApplConfig: [0, 0]</msg>
<msg timestamp="20210310 11:35:23.073" level="INFO">close driver: 0</msg>
<status status="PASS" starttime="20210310 11:35:23.072" endtime="20210310 11:35:23.073"></status>
</kw>
<kw name="Fota Enable Precondition" library="fota_enable">
<doc>FOTA使能前提条件
:param network: 网络是否可访问，默认可访问
:param conf:  配置字是否可有效，默认有效
:param vin:  VIN是否一致，默认一致
:param cert:  身份证书是否已获取，默认已获取
:return:</doc>
<arguments>
<arg>True</arg>
<arg>True</arg>
<arg>True</arg>
<arg>True</arg>
</arguments>
<msg timestamp="20210310 11:35:23.075" level="FAIL">VectorError: xlGetChannelIndex failed (XL_ERR_HW_NOT_PRESENT)</msg>
<status status="FAIL" starttime="20210310 11:35:23.074" endtime="20210310 11:35:23.075"></status>
</kw>
<kw name="Teardown" library="robot_manager" type="teardown">
<msg timestamp="20210310 11:35:23.075" level="INFO">------teardown------</msg>
<status status="PASS" starttime="20210310 11:35:23.075" endtime="20210310 11:35:23.075"></status>
</kw>
<doc>使能条件都满足 - 车端自动触发 - 物流数据的上传 - 物流数据上传成功</doc>
<status status="FAIL" starttime="20210310 11:35:23.071" endtime="20210310 11:35:23.075" critical="yes">VectorError: xlGetChannelIndex failed (XL_ERR_HW_NOT_PRESENT)</status>
</test>
<kw name="Stop" library="robot_manager" type="teardown">
<doc>所有测试用例执行结束之后执行的功能
:return:</doc>
<msg timestamp="20210310 11:35:23.076" level="INFO">------stop------</msg>
<status status="PASS" starttime="20210310 11:35:23.076" endtime="20210310 11:35:23.076"></status>
</kw>
<doc>FOTA车辆数据上传测试用例</doc>
<status status="FAIL" starttime="20210310 11:35:21.672" endtime="20210310 11:35:23.076"></status>
</suite>
<statistics>
<total>
<stat pass="0" fail="12">Critical Tests</stat>
<stat pass="0" fail="12">All Tests</stat>
</total>
<tag>
</tag>
<suite>
<stat pass="0" fail="12" id="s1" name="Robot Fota Vehicle Data Upload">Robot Fota Vehicle Data Upload</stat>
</suite>
</statistics>
<errors>
</errors>
</robot>
